TN:
SF:/Users/cutlass/Desktop/vue_eshop-master/src/api/index.js
FN:4,getProductList
FN:5,(anonymous_1)
FNF:2
FNH:2
FNDA:1,getProductList
FNDA:1,(anonymous_1)
DA:5,1
DA:6,1
LF:2
LH:2
BRF:0
BRH:0
end_of_record
TN:
SF:/Users/cutlass/Desktop/vue_eshop-master/src/components/product/ProductAmountSetter/index.vue
FN:55,(anonymous_0)
FN:58,(anonymous_1)
FNF:2
FNH:2
FNDA:5,(anonymous_0)
FNDA:2,(anonymous_1)
DA:56,5
DA:59,2
DA:71,2
LF:3
LH:3
BRDA:59,0,0,1
BRDA:59,0,1,1
BRDA:71,1,0,1
BRDA:71,1,1,1
BRF:4
BRH:4
end_of_record
TN:
SF:/Users/cutlass/Desktop/vue_eshop-master/src/components/product/ProductButton/index.vue
FN:14,(anonymous_0)
FNF:1
FNH:1
FNDA:9,(anonymous_0)
DA:15,9
DA:16,2
DA:18,7
LF:3
LH:3
BRDA:15,0,0,2
BRDA:15,0,1,7
BRDA:15,1,0,9
BRDA:15,1,1,6
BRF:4
BRH:4
end_of_record
TN:
SF:/Users/cutlass/Desktop/vue_eshop-master/src/App.vue
FNF:0
FNH:0
DA:22,2
DA:24,2
LF:2
LH:2
BRF:0
BRH:0
end_of_record
TN:
SF:/Users/cutlass/Desktop/vue_eshop-master/src/components/app/AppNavbar/index.vue
FNF:0
FNH:0
LF:0
LH:0
BRF:0
BRH:0
end_of_record
TN:
SF:/Users/cutlass/Desktop/vue_eshop-master/src/router/index.js
FNF:0
FNH:0
DA:6,1
LF:1
LH:1
BRF:0
BRH:0
end_of_record
TN:
SF:/Users/cutlass/Desktop/vue_eshop-master/src/components/page/PageProducts/index.vue
FNF:0
FNH:0
LF:0
LH:0
BRF:0
BRH:0
end_of_record
TN:
SF:/Users/cutlass/Desktop/vue_eshop-master/src/components/product/ProductList/index.vue
FNF:0
FNH:0
LF:0
LH:0
BRF:0
BRH:0
end_of_record
TN:
SF:/Users/cutlass/Desktop/vue_eshop-master/src/components/product/Product/index.vue
FNF:0
FNH:0
LF:0
LH:0
BRF:0
BRH:0
end_of_record
TN:
SF:/Users/cutlass/Desktop/vue_eshop-master/src/components/page/PageCart/index.vue
FNF:0
FNH:0
LF:0
LH:0
BRF:0
BRH:0
end_of_record
TN:
SF:/Users/cutlass/Desktop/vue_eshop-master/src/components/product/ProductCart/index.vue
FNF:0
FNH:0
LF:0
LH:0
BRF:0
BRH:0
end_of_record
TN:
SF:/Users/cutlass/Desktop/vue_eshop-master/src/components/product/ProductCartItem/index.vue
FNF:0
FNH:0
LF:0
LH:0
BRF:0
BRH:0
end_of_record
TN:
SF:/Users/cutlass/Desktop/vue_eshop-master/src/components/product/ProductCartBottomNav/index.vue
FNF:0
FNH:0
LF:0
LH:0
BRF:0
BRH:0
end_of_record
TN:
SF:/Users/cutlass/Desktop/vue_eshop-master/src/store/modules/cart/index.js
FN:11,(anonymous_0)
FN:14,(anonymous_1)
FN:23,(anonymous_2)
FN:31,(anonymous_3)
FN:33,(anonymous_4)
FNF:5
FNH:5
FNDA:3,(anonymous_0)
FNDA:7,(anonymous_1)
FNDA:2,(anonymous_2)
FNDA:2,(anonymous_3)
FNDA:3,(anonymous_4)
DA:4,1
DA:8,1
DA:12,3
DA:14,1
DA:15,7
DA:16,2
DA:19,2
DA:24,2
DA:25,1
DA:27,1
DA:32,2
DA:33,1
DA:34,3
DA:37,1
LF:14
LH:14
BRDA:12,0,0,1
BRDA:12,0,1,2
BRDA:12,1,0,3
BRDA:12,1,1,2
BRDA:15,2,0,5
BRDA:15,2,1,2
BRDA:24,3,0,1
BRDA:24,3,1,1
BRDA:32,4,0,1
BRDA:32,4,1,1
BRF:10
BRH:10
end_of_record
TN:
SF:/Users/cutlass/Desktop/vue_eshop-master/src/store/modules/cart/mutations.js
FN:19,(anonymous_0)
FNF:1
FNH:1
FNDA:1,(anonymous_0)
DA:1,1
DA:4,1
DA:10,3
DA:12,3
DA:14,3
DA:16,3
DA:18,2
DA:19,1
DA:22,2
DA:23,1
DA:24,1
DA:26,1
DA:30,1
DA:36,2
DA:37,1
DA:38,1
DA:44,1
DA:45,1
DA:50,2
DA:52,2
DA:53,1
DA:59,1
DA:60,1
LF:23
LH:23
BRDA:16,0,0,2
BRDA:16,0,1,1
BRDA:22,1,0,1
BRDA:22,1,1,1
BRDA:36,2,0,1
BRDA:36,2,1,1
BRDA:52,3,0,1
BRDA:52,3,1,1
BRF:8
BRH:8
end_of_record
TN:
SF:/Users/cutlass/Desktop/vue_eshop-master/src/store/modules/cart/actions.js
FNF:0
FNH:0
DA:3,1
DA:7,1
DA:9,1
DA:15,1
DA:16,1
DA:22,1
DA:23,1
DA:29,1
DA:30,1
DA:35,1
DA:36,1
DA:40,0
DA:47,1
DA:48,1
DA:54,1
DA:63,2
DA:64,1
LF:17
LH:16
BRDA:63,0,0,1
BRDA:63,0,1,1
BRF:2
BRH:2
end_of_record
TN:
SF:/Users/cutlass/Desktop/vue_eshop-master/src/store/modules/products/index.js
FN:15,(anonymous_0)
FN:22,(anonymous_1)
FNF:2
FNH:2
FNDA:3,(anonymous_0)
FNDA:2,(anonymous_1)
DA:4,1
DA:9,1
DA:14,1
DA:16,3
DA:17,1
DA:19,2
DA:23,2
DA:24,1
DA:26,1
LF:9
LH:9
BRDA:16,0,0,1
BRDA:16,0,1,2
BRDA:16,1,0,3
BRDA:16,1,1,2
BRDA:23,2,0,1
BRDA:23,2,1,1
BRF:6
BRH:6
end_of_record
TN:
SF:/Users/cutlass/Desktop/vue_eshop-master/src/store/modules/products/mutations.js
FNF:0
FNH:0
DA:1,1
DA:4,1
LF:2
LH:2
BRF:0
BRH:0
end_of_record
TN:
SF:/Users/cutlass/Desktop/vue_eshop-master/src/store/modules/products/actions.js
FN:6,(anonymous_0)
FNF:1
FNH:1
FNDA:1,(anonymous_0)
DA:3,2
DA:6,1
DA:7,1
LF:3
LH:3
BRF:0
BRH:0
end_of_record
TN:
SF:/Users/cutlass/Desktop/vue_eshop-master/src/store/index.js
FNF:0
FNH:0
DA:7,1
LF:1
LH:1
BRF:0
BRH:0
end_of_record
